platforms/android/build/outputs/logs/manifest-merger-debug-report.txt
-- Merging decision tree log ---
manifest
ADDED from platforms/android/AndroidManifest.xml:2:1-67:12
	package
		ADDED from platforms/android/AndroidManifest.xml:2:98-128
		INJECTED from platforms/android/AndroidManifest.xml
		INJECTED from platforms/android/AndroidManifest.xml
	android:versionName
		ADDED from platforms/android/AndroidManifest.xml:2:70-97
		INJECTED from platforms/android/AndroidManifest.xml
		INJECTED from platforms/android/AndroidManifest.xml
	android:hardwareAccelerated
		ADDED from platforms/android/AndroidManifest.xml:2:11-45
	android:versionCode
		ADDED from platforms/android/AndroidManifest.xml:2:46-69
		INJECTED from platforms/android/AndroidManifest.xml
		INJECTED from platforms/android/AndroidManifest.xml
	xmlns:android
		ADDED from platforms/android/AndroidManifest.xml:2:129-187
supports-screens
ADDED from platforms/android/AndroidManifest.xml:3:5-191
	android:largeScreens
		ADDED from platforms/android/AndroidManifest.xml:3:49-76
	android:smallScreens
		ADDED from platforms/android/AndroidManifest.xml:3:132-159
	android:normalScreens
		ADDED from platforms/android/AndroidManifest.xml:3:77-105
	android:xlargeScreens
		ADDED from platforms/android/AndroidManifest.xml:3:160-188
	android:resizeable
		ADDED from platforms/android/AndroidManifest.xml:3:106-131
	android:anyDensity
		ADDED from platforms/android/AndroidManifest.xml:3:23-48
uses-permission#android.permission.INTERNET
ADDED from platforms/android/AndroidManifest.xml:4:5-67
MERGED from [com.google.android.gms:play-services-maps:11.8.0] AndroidManifest.xml:24:5-67
	android:name
		ADDED from platforms/android/AndroidManifest.xml:4:22-64
application
ADDED from platforms/android/AndroidManifest.xml:5:5-49:19
MERGED from [com.facebook.android:facebook-android-sdk:4.30.0] AndroidManifest.xml:28:5-29:19
MERGED from [com.facebook.android:facebook-login:4.30.0] AndroidManifest.xml:28:5-29:19
MERGED from [com.facebook.android:facebook-share:4.30.0] AndroidManifest.xml:28:5-29:19
MERGED from [com.facebook.android:facebook-common:4.30.0] AndroidManifest.xml:28:5-34:19
MERGED from [com.facebook.android:facebook-places:4.30.0] AndroidManifest.xml:28:5-29:19
MERGED from [com.facebook.android:facebook-applinks:4.30.0] AndroidManifest.xml:28:5-29:19
MERGED from [com.facebook.android:facebook-messenger:4.30.0] AndroidManifest.xml:28:5-29:19
MERGED from [com.facebook.android:facebook-core:4.30.0] AndroidManifest.xml:28:5-43:19
MERGED from [com.google.android.gms:play-services-maps:11.8.0] AndroidManifest.xml:30:5-20
MERGED from [com.google.android.gms:play-services-maps-license:11.8.0] AndroidManifest.xml:5:5-20
MERGED from [com.google.android.gms:play-services-location:11.8.0] AndroidManifest.xml:7:5-20
MERGED from [com.google.android.gms:play-services-base:11.8.0] AndroidManifest.xml:22:5-27:19
MERGED from [com.google.android.gms:play-services-base-license:11.8.0] AndroidManifest.xml:5:5-20
MERGED from [com.google.android.gms:play-services-tasks:11.8.0] AndroidManifest.xml:7:5-20
MERGED from [com.google.android.gms:play-services-basement:11.8.0] AndroidManifest.xml:22:5-26:19
MERGED from [com.google.android.gms:play-services-basement-license:11.8.0] AndroidManifest.xml:5:5-20
MERGED from [com.google.android.gms:play-services-tasks-license:11.8.0] AndroidManifest.xml:5:5-20
MERGED from [com.google.android.gms:play-services-location-license:11.8.0] AndroidManifest.xml:5:5-20
	android:label
		ADDED from platforms/android/AndroidManifest.xml:5:81-113
	android:supportsRtl
		ADDED from platforms/android/AndroidManifest.xml:5:114-140
	android:hardwareAccelerated
		ADDED from platforms/android/AndroidManifest.xml:5:18-52
	android:icon
		ADDED from platforms/android/AndroidManifest.xml:5:53-80
activity#com.rsdc.application.MainActivity
ADDED from platforms/android/AndroidManifest.xml:6:9-11:20
	android:label
		ADDED from platforms/android/AndroidManifest.xml:6:97-134
	android:launchMode
		ADDED from platforms/android/AndroidManifest.xml:6:135-165
	android:windowSoftInputMode
		ADDED from platforms/android/AndroidManifest.xml:6:257-299
	android:configChanges
		ADDED from platforms/android/AndroidManifest.xml:6:19-96
	android:theme
		ADDED from platforms/android/AndroidManifest.xml:6:194-256
	android:name
		ADDED from platforms/android/AndroidManifest.xml:6:166-193
intent-filter#android.intent.action.MAIN+android.intent.category.LAUNCHER
ADDED from platforms/android/AndroidManifest.xml:7:13-10:29
	android:label
		ADDED from platforms/android/AndroidManifest.xml:7:28-65
action#android.intent.action.MAIN
ADDED from platforms/android/AndroidManifest.xml:8:17-69
	android:name
		ADDED from platforms/android/AndroidManifest.xml:8:25-66
category#android.intent.category.LAUNCHER
ADDED from platforms/android/AndroidManifest.xml:9:17-77
	android:name
		ADDED from platforms/android/AndroidManifest.xml:9:27-74
provider#android.support.v4.content.FileProvider
ADDED from platforms/android/AndroidManifest.xml:12:9-14:20
	android:authorities
		ADDED from platforms/android/AndroidManifest.xml:12:19-66
		INJECTED from platforms/android/AndroidManifest.xml
	android:grantUriPermissions
		ADDED from platforms/android/AndroidManifest.xml:12:92-126
	android:exported
		ADDED from platforms/android/AndroidManifest.xml:12:67-91
	android:name
		ADDED from platforms/android/AndroidManifest.xml:12:127-181
meta-data#android.support.FILE_PROVIDER_PATHS
ADDED from platforms/android/AndroidManifest.xml:13:13-116
	android:resource
		ADDED from platforms/android/AndroidManifest.xml:13:75-113
	android:name
		ADDED from platforms/android/AndroidManifest.xml:13:24-74
meta-data#com.facebook.sdk.ApplicationId
ADDED from platforms/android/AndroidManifest.xml:15:9-102
	android:value
		ADDED from platforms/android/AndroidManifest.xml:15:66-99
	android:name
		ADDED from platforms/android/AndroidManifest.xml:15:20-65
meta-data#com.facebook.sdk.ApplicationName
ADDED from platforms/android/AndroidManifest.xml:16:9-106
	android:value
		ADDED from platforms/android/AndroidManifest.xml:16:68-103
	android:name
		ADDED from platforms/android/AndroidManifest.xml:16:20-67
activity#com.facebook.FacebookActivity
ADDED from platforms/android/AndroidManifest.xml:17:9-186
MERGED from [com.facebook.android:facebook-common:4.30.0] AndroidManifest.xml:29:9-32:66
	android:label
		ADDED from platforms/android/AndroidManifest.xml:17:103-138
	android:configChanges
		ADDED from platforms/android/AndroidManifest.xml:17:19-102
	android:theme
		ADDED from [com.facebook.android:facebook-common:4.30.0] AndroidManifest.xml:32:13-63
	android:name
		ADDED from platforms/android/AndroidManifest.xml:17:139-183
meta-data#com.google.android.geo.API_KEY
ADDED from platforms/android/AndroidManifest.xml:18:9-124
	android:value
		ADDED from platforms/android/AndroidManifest.xml:18:66-121
	android:name
		ADDED from platforms/android/AndroidManifest.xml:18:20-65
meta-data#com.google.android.gms.version
ADDED from platforms/android/AndroidManifest.xml:19:9-122
MERGED from [com.google.android.gms:play-services-basement:11.8.0] AndroidManifest.xml:23:9-25:69
	android:value
		ADDED from platforms/android/AndroidManifest.xml:19:66-119
	android:name
		ADDED from platforms/android/AndroidManifest.xml:19:20-65
service#com.marianhello.bgloc.sync.SyncService
ADDED from platforms/android/AndroidManifest.xml:20:9-25:19
	android:process
		ADDED from platforms/android/AndroidManifest.xml:20:96-119
	android:exported
		ADDED from platforms/android/AndroidManifest.xml:20:18-41
	android:name
		ADDED from platforms/android/AndroidManifest.xml:20:42-95
intent-filter#android.content.SyncAdapter
ADDED from platforms/android/AndroidManifest.xml:21:13-23:29
action#android.content.SyncAdapter
ADDED from platforms/android/AndroidManifest.xml:22:17-70
	android:name
		ADDED from platforms/android/AndroidManifest.xml:22:25-67
meta-data#android.content.SyncAdapter
ADDED from platforms/android/AndroidManifest.xml:24:13-105
	android:resource
		ADDED from platforms/android/AndroidManifest.xml:24:67-102
	android:name
		ADDED from platforms/android/AndroidManifest.xml:24:24-66
service#com.marianhello.bgloc.sync.AuthenticatorService
ADDED from platforms/android/AndroidManifest.xml:26:9-31:19
	android:name
		ADDED from platforms/android/AndroidManifest.xml:26:18-80
intent-filter#android.accounts.AccountAuthenticator
ADDED from platforms/android/AndroidManifest.xml:27:13-29:29
action#android.accounts.AccountAuthenticator
ADDED from platforms/android/AndroidManifest.xml:28:17-80
	android:name
		ADDED from platforms/android/AndroidManifest.xml:28:25-77
meta-data#android.accounts.AccountAuthenticator
ADDED from platforms/android/AndroidManifest.xml:30:13-117
	android:resource
		ADDED from platforms/android/AndroidManifest.xml:30:77-114
	android:name
		ADDED from platforms/android/AndroidManifest.xml:30:24-76
provider#com.marianhello.bgloc.sync.DummyContentProvider
ADDED from platforms/android/AndroidManifest.xml:32:9-181
	android:authorities
		ADDED from platforms/android/AndroidManifest.xml:32:19-66
	android:syncable
		ADDED from platforms/android/AndroidManifest.xml:32:155-178
	android:exported
		ADDED from platforms/android/AndroidManifest.xml:32:67-91
	android:name
		ADDED from platforms/android/AndroidManifest.xml:32:92-154
service#com.marianhello.bgloc.LocationService
ADDED from platforms/android/AndroidManifest.xml:33:9-121
	android:enabled
		ADDED from platforms/android/AndroidManifest.xml:33:18-40
	android:exported
		ADDED from platforms/android/AndroidManifest.xml:33:41-65
	android:name
		ADDED from platforms/android/AndroidManifest.xml:33:66-118
receiver#com.marianhello.bgloc.BootCompletedReceiver
ADDED from platforms/android/AndroidManifest.xml:34:9-38:20
	android:enabled
		ADDED from platforms/android/AndroidManifest.xml:34:19-41
	android:exported
		ADDED from platforms/android/AndroidManifest.xml:34:42-65
	android:name
		ADDED from platforms/android/AndroidManifest.xml:34:66-124
intent-filter#android.intent.action.BOOT_COMPLETED
ADDED from platforms/android/AndroidManifest.xml:35:13-37:29
action#android.intent.action.BOOT_COMPLETED
ADDED from platforms/android/AndroidManifest.xml:36:17-79
	android:name
		ADDED from platforms/android/AndroidManifest.xml:36:25-76
receiver#cordova.plugins.Diagnostic$LocationProviderChangedReceiver
ADDED from platforms/android/AndroidManifest.xml:39:9-43:20
	android:name
		ADDED from platforms/android/AndroidManifest.xml:39:19-92
intent-filter#android.location.PROVIDERS_CHANGED
ADDED from platforms/android/AndroidManifest.xml:40:13-42:29
action#android.location.PROVIDERS_CHANGED
ADDED from platforms/android/AndroidManifest.xml:41:17-77
	android:name
		ADDED from platforms/android/AndroidManifest.xml:41:25-74
receiver#cordova.plugins.Diagnostic$NFCStateChangedReceiver
ADDED from platforms/android/AndroidManifest.xml:44:9-48:20
	android:name
		ADDED from platforms/android/AndroidManifest.xml:44:19-84
intent-filter#android.nfc.action.ADAPTER_STATE_CHANGED
ADDED from platforms/android/AndroidManifest.xml:45:13-47:29
action#android.nfc.action.ADAPTER_STATE_CHANGED
ADDED from platforms/android/AndroidManifest.xml:46:17-83
	android:name
		ADDED from platforms/android/AndroidManifest.xml:46:25-80
uses-sdk
ADDED from platforms/android/AndroidManifest.xml:50:5-74
MERGED from [com.facebook.android:facebook-android-sdk:4.30.0] AndroidManifest.xml:24:5-26:41
MERGED from [com.facebook.android:facebook-login:4.30.0] AndroidManifest.xml:24:5-26:41
MERGED from [com.facebook.android:facebook-share:4.30.0] AndroidManifest.xml:24:5-26:41
MERGED from [com.facebook.android:facebook-common:4.30.0] AndroidManifest.xml:24:5-26:41
MERGED from [com.android.support:cardview-v7:27.0.2] AndroidManifest.xml:20:5-44
MERGED from [com.android.support:customtabs:27.0.2] AndroidManifest.xml:20:5-44
MERGED from [com.facebook.android:facebook-places:4.30.0] AndroidManifest.xml:24:5-26:41
MERGED from [com.facebook.android:facebook-applinks:4.30.0] AndroidManifest.xml:24:5-26:41
MERGED from [com.facebook.android:facebook-messenger:4.30.0] AndroidManifest.xml:24:5-26:41
MERGED from [com.facebook.android:facebook-core:4.30.0] AndroidManifest.xml:24:5-26:41
MERGED from [com.google.android.gms:play-services-maps:11.8.0] AndroidManifest.xml:20:5-44
MERGED from [com.google.android.gms:play-services-maps-license:11.8.0] AndroidManifest.xml:4:5-43
MERGED from [com.google.android.gms:play-services-location:11.8.0] AndroidManifest.xml:5:5-44
MERGED from [com.google.android.gms:play-services-base:11.8.0] AndroidManifest.xml:20:5-44
MERGED from [com.google.android.gms:play-services-base-license:11.8.0] AndroidManifest.xml:4:5-43
MERGED from [com.google.android.gms:play-services-tasks:11.8.0] AndroidManifest.xml:5:5-44
MERGED from [com.google.android.gms:play-services-basement:11.8.0] AndroidManifest.xml:20:5-44
MERGED from [com.google.android.gms:play-services-basement-license:11.8.0] AndroidManifest.xml:4:5-43
MERGED from [com.google.android.gms:play-services-tasks-license:11.8.0] AndroidManifest.xml:4:5-43
MERGED from [com.google.android.gms:play-services-location-license:11.8.0] AndroidManifest.xml:4:5-43
MERGED from [com.android.support:support-v4:27.0.2] AndroidManifest.xml:20:5-44
MERGED from [com.android.support:support-media-compat:27.0.2] AndroidManifest.xml:20:5-44
MERGED from [com.android.support:appcompat-v7:27.0.2] AndroidManifest.xml:20:5-44
MERGED from [com.android.support:support-fragment:27.0.2] AndroidManifest.xml:20:5-44
MERGED from [com.android.support:support-core-utils:27.0.2] AndroidManifest.xml:20:5-44
MERGED from [com.android.support:animated-vector-drawable:27.0.2] AndroidManifest.xml:20:5-44
MERGED from [com.android.support:support-vector-drawable:27.0.2] AndroidManifest.xml:20:5-44
MERGED from [com.android.support:support-core-ui:27.0.2] AndroidManifest.xml:20:5-44
MERGED from [com.android.support:support-compat:27.0.2] AndroidManifest.xml:20:5-44
MERGED from [android.arch.lifecycle:runtime:1.0.3] AndroidManifest.xml:20:5-22:41
MERGED from [org.apache.cordova:CordovaLib:6.3.0:debug] AndroidManifest.xml:25:5-44
	android:targetSdkVersion
		ADDED from platforms/android/AndroidManifest.xml:50:42-71
	android:minSdkVersion
		ADDED from platforms/android/AndroidManifest.xml:50:15-41
uses-permission#android.permission.WRITE_EXTERNAL_STORAGE
ADDED from platforms/android/AndroidManifest.xml:51:5-81
	android:name
		ADDED from platforms/android/AndroidManifest.xml:51:22-78
uses-permission#android.permission.ACCESS_COARSE_LOCATION
ADDED from platforms/android/AndroidManifest.xml:52:5-81
	android:name
		ADDED from platforms/android/AndroidManifest.xml:52:22-78
uses-permission#android.permission.ACCESS_FINE_LOCATION
ADDED from platforms/android/AndroidManifest.xml:53:5-79
	android:name
		ADDED from platforms/android/AndroidManifest.xml:53:22-76
uses-feature#android.hardware.location.gps
ADDED from platforms/android/AndroidManifest.xml:54:5-66
	android:name
		ADDED from platforms/android/AndroidManifest.xml:54:19-63
uses-permission#android.permission.ACCESS_NETWORK_STATE
ADDED from platforms/android/AndroidManifest.xml:55:5-79
MERGED from [com.google.android.gms:play-services-maps:11.8.0] AndroidManifest.xml:23:5-79
	android:name
		ADDED from platforms/android/AndroidManifest.xml:55:22-76
uses-feature#0x00020000
ADDED from platforms/android/AndroidManifest.xml:56:5-78
MERGED from [com.google.android.gms:play-services-maps:11.8.0] AndroidManifest.xml:26:5-28:35
	android:glEsVersion
		ADDED from platforms/android/AndroidManifest.xml:56:19-51
	android:required
		ADDED from platforms/android/AndroidManifest.xml:56:52-75
uses-feature#android.hardware.location
ADDED from platforms/android/AndroidManifest.xml:57:5-62
	android:name
		ADDED from platforms/android/AndroidManifest.xml:57:19-59
uses-permission#android.permission.AUTHENTICATE_ACCOUNTS
ADDED from platforms/android/AndroidManifest.xml:58:5-80
	android:name
		ADDED from platforms/android/AndroidManifest.xml:58:22-77
uses-permission#android.permission.GET_ACCOUNTS
ADDED from platforms/android/AndroidManifest.xml:59:5-71
	android:name
		ADDED from platforms/android/AndroidManifest.xml:59:22-68
uses-permission#android.permission.READ_SYNC_SETTINGS
ADDED from platforms/android/AndroidManifest.xml:60:5-77
	android:name
		ADDED from platforms/android/AndroidManifest.xml:60:22-74
uses-permission#android.permission.WRITE_SYNC_SETTINGS
ADDED from platforms/android/AndroidManifest.xml:61:5-78
	android:name
		ADDED from platforms/android/AndroidManifest.xml:61:22-75
uses-permission#android.permission.RECEIVE_BOOT_COMPLETED
ADDED from platforms/android/AndroidManifest.xml:62:5-81
	android:name
		ADDED from platforms/android/AndroidManifest.xml:62:22-78
uses-permission#com.google.android.gms.permission.ACTIVITY_RECOGNITION
ADDED from platforms/android/AndroidManifest.xml:63:5-94
	android:name
		ADDED from platforms/android/AndroidManifest.xml:63:22-91
uses-permission#android.permission.ACCESS_LOCATION_EXTRA_COMMANDS
ADDED from platforms/android/AndroidManifest.xml:64:5-89
	android:name
		ADDED from platforms/android/AndroidManifest.xml:64:22-86
uses-permission#android.permission.WAKE_LOCK
ADDED from platforms/android/AndroidManifest.xml:65:5-68
	android:name
		ADDED from platforms/android/AndroidManifest.xml:65:22-65
uses-permission#android.hardware.location
ADDED from platforms/android/AndroidManifest.xml:66:5-65
	android:name
		ADDED from platforms/android/AndroidManifest.xml:66:22-62
activity#com.facebook.CustomTabMainActivity
ADDED from [com.facebook.android:facebook-common:4.30.0] AndroidManifest.xml:33:9-71
	android:name
		ADDED from [com.facebook.android:facebook-common:4.30.0] AndroidManifest.xml:33:19-68
provider#com.facebook.internal.FacebookInitProvider
ADDED from [com.facebook.android:facebook-core:4.30.0] AndroidManifest.xml:39:9-42:40
	android:authorities
		ADDED from [com.facebook.android:facebook-core:4.30.0] AndroidManifest.xml:41:13-72
	android:exported
		ADDED from [com.facebook.android:facebook-core:4.30.0] AndroidManifest.xml:42:13-37
	android:name
		ADDED from [com.facebook.android:facebook-core:4.30.0] AndroidManifest.xml:40:13-70
activity#com.google.android.gms.common.api.GoogleApiActivity
ADDED from [com.google.android.gms:play-services-base:11.8.0] AndroidManifest.xml:23:9-26:75
	android:exported
		ADDED from [com.google.android.gms:play-services-base:11.8.0] AndroidManifest.xml:25:13-37
	android:theme
		ADDED from [com.google.android.gms:play-services-base:11.8.0] AndroidManifest.xml:26:13-72
	android:name
		ADDED from [com.google.android.gms:play-services-base:11.8.0] AndroidManifest.xml:24:13-79